<?xml version="1.0" encoding="UTF-8"?>
<testsuite xmlns:xsi="http://www.w3.org/2001/XMLSchema-instance" xsi:noNamespaceSchemaLocation="https://maven.apache.org/surefire/maven-surefire-plugin/xsd/surefire-test-report-3.0.xsd" version="3.0" name="io.github.robertomessabrasil.kafka_blocking_retry_tutorial.KafkaBlockingRetryTutorialApplicationTests" time="5.391" tests="1" errors="0" skipped="0" failures="0">
  <properties>
[...]
</properties>
  <testcase name="contextLoads" classname="io.github.robertomessabrasil.kafka_blocking_retry_tutorial.KafkaBlockingRetryTutorialApplicationTests" time="1.52">
    <system-out><![CDATA[00:50:23.644 [main] INFO org.springframework.test.context.support.AnnotationConfigContextLoaderUtils -- Could not detect default configuration classes for test class [io.github.robertomessabrasil.kafka_blocking_retry_tutorial.KafkaBlockingRetryTutorialApplicationTests]: KafkaBlockingRetryTutorialApplicationTests does not declare any static, non-private, non-final, nested classes annotated with @Configuration.
00:50:23.841 [main] INFO org.springframework.boot.test.context.SpringBootTestContextBootstrapper -- Found @SpringBootConfiguration io.github.robertomessabrasil.kafka_blocking_retry_tutorial.App for test class io.github.robertomessabrasil.kafka_blocking_retry_tutorial.KafkaBlockingRetryTutorialApplicationTests

  .   ____          _            __ _ _
 /\\ / ___'_ __ _ _(_)_ __  __ _ \ \ \ \
( ( )\___ | '_ | '_| | '_ \/ _` | \ \ \ \
 \\/  ___)| |_)| | | | | || (_| |  ) ) ) )
  '  |____| .__|_| |_|_| |_\__, | / / / /
 =========|_|==============|___/=/_/_/_/

 :: Spring Boot ::                (v3.3.4)

2024-10-11T00:50:24.702-03:00  INFO 38454 --- [           main] fkaBlockingRetryTutorialApplicationTests : Starting KafkaBlockingRetryTutorialApplicationTests using Java 17.0.12 with PID 38454 (started by wardog1 in /home/wardog1/edu/kafka/kafka-blocking-retry-tutorial)
2024-10-11T00:50:24.706-03:00  INFO 38454 --- [           main] fkaBlockingRetryTutorialApplicationTests : No active profile set, falling back to 1 default profile: "default"
2024-10-11T00:50:26.820-03:00  INFO 38454 --- [           main] o.a.k.clients.consumer.ConsumerConfig    : ConsumerConfig values: 
	allow.auto.create.topics = true
	auto.commit.interval.ms = 5000
	auto.include.jmx.reporter = true
	auto.offset.reset = latest
	bootstrap.servers = [localhost:9092]
	check.crcs = true
	client.dns.lookup = use_all_dns_ips
	client.id = consumer-group-0-1
	client.rack = 
	connections.max.idle.ms = 540000
	default.api.timeout.ms = 60000
	enable.auto.commit = false
	enable.metrics.push = true
	exclude.internal.topics = true
	fetch.max.bytes = 52428800
	fetch.max.wait.ms = 500
	fetch.min.bytes = 1
	group.id = group-0
	group.instance.id = null
	group.protocol = classic
	group.remote.assignor = null
	heartbeat.interval.ms = 3000
	interceptor.classes = []
	internal.leave.group.on.close = true
	internal.throw.on.fetch.stable.offset.unsupported = false
	isolation.level = read_uncommitted
	key.deserializer = class org.apache.kafka.common.serialization.StringDeserializer
	max.partition.fetch.bytes = 1048576
	max.poll.interval.ms = 300000
	max.poll.records = 500
	metadata.max.age.ms = 300000
	metric.reporters = []
	metrics.num.samples = 2
	metrics.recording.level = INFO
	metrics.sample.window.ms = 30000
	partition.assignment.strategy = [class org.apache.kafka.clients.consumer.RangeAssignor, class org.apache.kafka.clients.consumer.CooperativeStickyAssignor]
	receive.buffer.bytes = 65536
	reconnect.backoff.max.ms = 1000
	reconnect.backoff.ms = 50
	request.timeout.ms = 30000
	retry.backoff.max.ms = 1000
	retry.backoff.ms = 100
	sasl.client.callback.handler.class = null
	sasl.jaas.config = null
	sasl.kerberos.kinit.cmd = /usr/bin/kinit
	sasl.kerberos.min.time.before.relogin = 60000
	sasl.kerberos.service.name = null
	sasl.kerberos.ticket.renew.jitter = 0.05
	sasl.kerberos.ticket.renew.window.factor = 0.8
	sasl.login.callback.handler.class = null
	sasl.login.class = null
	sasl.login.connect.timeout.ms = null
	sasl.login.read.timeout.ms = null
	sasl.login.refresh.buffer.seconds = 300
	sasl.login.refresh.min.period.seconds = 60
	sasl.login.refresh.window.factor = 0.8
	sasl.login.refresh.window.jitter = 0.05
	sasl.login.retry.backoff.max.ms = 10000
	sasl.login.retry.backoff.ms = 100
	sasl.mechanism = GSSAPI
	sasl.oauthbearer.clock.skew.seconds = 30
	sasl.oauthbearer.expected.audience = null
	sasl.oauthbearer.expected.issuer = null
	sasl.oauthbearer.jwks.endpoint.refresh.ms = 3600000
	sasl.oauthbearer.jwks.endpoint.retry.backoff.max.ms = 10000
	sasl.oauthbearer.jwks.endpoint.retry.backoff.ms = 100
	sasl.oauthbearer.jwks.endpoint.url = null
	sasl.oauthbearer.scope.claim.name = scope
	sasl.oauthbearer.sub.claim.name = sub
	sasl.oauthbearer.token.endpoint.url = null
	security.protocol = PLAINTEXT
	security.providers = null
	send.buffer.bytes = 131072
	session.timeout.ms = 45000
	socket.connection.setup.timeout.max.ms = 30000
	socket.connection.setup.timeout.ms = 10000
	ssl.cipher.suites = null
	ssl.enabled.protocols = [TLSv1.2, TLSv1.3]
	ssl.endpoint.identification.algorithm = https
	ssl.engine.factory.class = null
	ssl.key.password = null
	ssl.keymanager.algorithm = SunX509
	ssl.keystore.certificate.chain = null
	ssl.keystore.key = null
	ssl.keystore.location = null
	ssl.keystore.password = null
	ssl.keystore.type = JKS
	ssl.protocol = TLSv1.3
	ssl.provider = null
	ssl.secure.random.implementation = null
	ssl.trustmanager.algorithm = PKIX
	ssl.truststore.certificates = null
	ssl.truststore.location = null
	ssl.truststore.password = null
	ssl.truststore.type = JKS
	value.deserializer = class org.apache.kafka.common.serialization.StringDeserializer

2024-10-11T00:50:26.910-03:00  INFO 38454 --- [           main] o.a.k.c.t.i.KafkaMetricsCollector        : initializing Kafka metrics collector
2024-10-11T00:50:27.250-03:00  INFO 38454 --- [           main] o.a.kafka.common.utils.AppInfoParser     : Kafka version: 3.7.1
2024-10-11T00:50:27.252-03:00  INFO 38454 --- [           main] o.a.kafka.common.utils.AppInfoParser     : Kafka commitId: e2494e6ffb89f828
2024-10-11T00:50:27.253-03:00  INFO 38454 --- [           main] o.a.kafka.common.utils.AppInfoParser     : Kafka startTimeMs: 1728618627247
2024-10-11T00:50:27.260-03:00  INFO 38454 --- [           main] o.a.k.c.c.internals.LegacyKafkaConsumer  : [Consumer clientId=consumer-group-0-1, groupId=group-0] Subscribed to topic(s): topic
2024-10-11T00:50:27.290-03:00  INFO 38454 --- [           main] fkaBlockingRetryTutorialApplicationTests : Started KafkaBlockingRetryTutorialApplicationTests in 3.147 seconds (process running for 5.073)
2024-10-11T00:50:27.962-03:00  WARN 38454 --- [ntainer#0-0-C-1] org.apache.kafka.clients.NetworkClient   : [Consumer clientId=consumer-group-0-1, groupId=group-0] Error while fetching metadata with correlation id 2 : {topic=UNKNOWN_TOPIC_OR_PARTITION}
2024-10-11T00:50:27.966-03:00  INFO 38454 --- [ntainer#0-0-C-1] org.apache.kafka.clients.Metadata        : [Consumer clientId=consumer-group-0-1, groupId=group-0] Cluster ID: MkU3OEVBNTcwNTJENDM2Qk
2024-10-11T00:50:27.970-03:00  INFO 38454 --- [ntainer#0-0-C-1] o.a.k.c.c.internals.ConsumerCoordinator  : [Consumer clientId=consumer-group-0-1, groupId=group-0] Discovered group coordinator localhost:9092 (id: 2147483646 rack: null)
2024-10-11T00:50:27.978-03:00  INFO 38454 --- [ntainer#0-0-C-1] o.a.k.c.c.internals.ConsumerCoordinator  : [Consumer clientId=consumer-group-0-1, groupId=group-0] (Re-)joining group
2024-10-11T00:50:28.020-03:00  INFO 38454 --- [ntainer#0-0-C-1] o.a.k.c.c.internals.ConsumerCoordinator  : [Consumer clientId=consumer-group-0-1, groupId=group-0] Request joining group due to: need to re-join with the given member-id: consumer-group-0-1-edbf5595-e03d-4121-b399-ea90094a32e0
2024-10-11T00:50:28.022-03:00  INFO 38454 --- [ntainer#0-0-C-1] o.a.k.c.c.internals.ConsumerCoordinator  : [Consumer clientId=consumer-group-0-1, groupId=group-0] (Re-)joining group
2024-10-11T00:50:28.029-03:00  INFO 38454 --- [ntainer#0-0-C-1] o.a.k.c.c.internals.ConsumerCoordinator  : [Consumer clientId=consumer-group-0-1, groupId=group-0] Successfully joined group with generation Generation{generationId=1, memberId='consumer-group-0-1-edbf5595-e03d-4121-b399-ea90094a32e0', protocol='range'}
2024-10-11T00:50:28.097-03:00  INFO 38454 --- [ntainer#0-0-C-1] o.a.k.c.c.internals.ConsumerCoordinator  : [Consumer clientId=consumer-group-0-1, groupId=group-0] Finished assignment for group at generation 1: {consumer-group-0-1-edbf5595-e03d-4121-b399-ea90094a32e0=Assignment(partitions=[topic-0])}
2024-10-11T00:50:28.107-03:00  INFO 38454 --- [ntainer#0-0-C-1] o.a.k.c.c.internals.ConsumerCoordinator  : [Consumer clientId=consumer-group-0-1, groupId=group-0] Successfully synced group in generation Generation{generationId=1, memberId='consumer-group-0-1-edbf5595-e03d-4121-b399-ea90094a32e0', protocol='range'}
2024-10-11T00:50:28.109-03:00  INFO 38454 --- [ntainer#0-0-C-1] o.a.k.c.c.internals.ConsumerCoordinator  : [Consumer clientId=consumer-group-0-1, groupId=group-0] Notifying assignor about the new Assignment(partitions=[topic-0])
2024-10-11T00:50:28.113-03:00  INFO 38454 --- [ntainer#0-0-C-1] k.c.c.i.ConsumerRebalanceListenerInvoker : [Consumer clientId=consumer-group-0-1, groupId=group-0] Adding newly assigned partitions: topic-0
2024-10-11T00:50:28.122-03:00  INFO 38454 --- [ntainer#0-0-C-1] o.a.k.c.c.internals.ConsumerCoordinator  : [Consumer clientId=consumer-group-0-1, groupId=group-0] Found no committed offset for partition topic-0
2024-10-11T00:50:28.134-03:00  INFO 38454 --- [ntainer#0-0-C-1] o.a.k.c.c.internals.ConsumerCoordinator  : [Consumer clientId=consumer-group-0-1, groupId=group-0] Found no committed offset for partition topic-0
2024-10-11T00:50:28.148-03:00  INFO 38454 --- [ntainer#0-0-C-1] o.a.k.c.c.internals.SubscriptionState    : [Consumer clientId=consumer-group-0-1, groupId=group-0] Resetting offset for partition topic-0 to position FetchPosition{offset=0, offsetEpoch=Optional.empty, currentLeader=LeaderAndEpoch{leader=Optional[localhost:9092 (id: 1 rack: null)], epoch=0}}.
2024-10-11T00:50:28.158-03:00  INFO 38454 --- [ntainer#0-0-C-1] o.s.k.l.KafkaMessageListenerContainer    : group-0: partitions assigned: [topic-0]
]]></system-out>
    <system-err><![CDATA[out. 11, 2024 12:50:22 AM org.junit.platform.launcher.core.LauncherConfigurationParameters loadClasspathResource
WARNING: Discovered 2 'junit-platform.properties' configuration files in the classpath; only the first will be used.
out. 11, 2024 12:50:22 AM org.junit.platform.launcher.core.LauncherConfigurationParameters loadClasspathResource
WARNING: Discovered 2 'junit-platform.properties' configuration files in the classpath; only the first will be used.
out. 11, 2024 12:50:23 AM org.junit.platform.launcher.core.LauncherConfigurationParameters loadClasspathResource
WARNING: Discovered 2 'junit-platform.properties' configuration files in the classpath; only the first will be used.
]]></system-err>
  </testcase>
</testsuite>